TN:
SF:src\api\admin.ts
FN:4,getUsers
FN:16,inviteUser
FN:26,suspendUser
FN:30,resetMFA
FN:34,getAuditLog
FN:41,getTenantSettings
FN:46,updateTenantSettings
FNF:7
FNH:7
FNDA:3,getUsers
FNDA:1,inviteUser
FNDA:1,suspendUser
FNDA:1,resetMFA
FNDA:1,getAuditLog
FNDA:1,getTenantSettings
FNDA:1,updateTenantSettings
DA:8,3
DA:9,3
DA:17,1
DA:23,1
DA:27,1
DA:31,1
DA:37,1
DA:38,1
DA:42,1
DA:43,1
DA:47,1
DA:48,1
LF:12
LH:12
BRDA:10,0,0,3
BRDA:10,0,1,1
BRDA:11,1,0,3
BRDA:11,1,1,1
BRF:4
BRH:4
end_of_record
TN:
SF:src\api\auth.ts
FN:4,login
FN:12,register
FN:17,getCurrentUser
FN:22,logout
FN:26,verifyMFA
FNF:5
FNH:4
FNDA:3,login
FNDA:1,register
FNDA:1,getCurrentUser
FNDA:1,logout
FNDA:0,verifyMFA
DA:5,3
DA:9,2
DA:13,1
DA:14,1
DA:18,1
DA:19,1
DA:23,1
DA:27,0
DA:28,0
LF:9
LH:7
BRF:0
BRH:0
end_of_record
TN:
SF:src\api\client.ts
FN:11,(anonymous_0)
FN:17,(anonymous_1)
FN:18,(anonymous_2)
FNF:3
FNH:3
FNDA:20,(anonymous_0)
FNDA:19,(anonymous_1)
FNDA:1,(anonymous_2)
DA:9,3
DA:11,3
DA:12,20
DA:13,20
DA:14,20
DA:17,3
DA:18,19
DA:20,1
DA:21,1
DA:22,1
DA:23,1
DA:24,0
DA:25,0
DA:26,0
DA:27,0
DA:28,0
DA:29,0
DA:31,1
LF:18
LH:12
BRDA:13,0,0,0
BRDA:13,0,1,20
BRDA:21,1,0,1
BRDA:21,1,1,0
BRDA:24,2,0,0
BRDA:24,2,1,0
BRDA:26,3,0,0
BRDA:26,3,1,0
BRDA:28,4,0,0
BRDA:28,4,1,0
BRDA:28,5,0,0
BRDA:28,5,1,0
BRF:12
BRH:2
end_of_record
TN:
SF:src\api\documents.ts
FN:4,getDocuments
FN:9,getDocument
FN:14,updateDocument
FN:19,deleteDocument
FN:23,getVersions
FN:28,restoreVersion
FNF:6
FNH:0
FNDA:0,getDocuments
FNDA:0,getDocument
FNDA:0,updateDocument
FNDA:0,deleteDocument
FNDA:0,getVersions
FNDA:0,restoreVersion
DA:5,0
DA:6,0
DA:10,0
DA:11,0
DA:15,0
DA:16,0
DA:20,0
DA:24,0
DA:25,0
DA:29,0
DA:30,0
LF:11
LH:0
BRF:0
BRH:0
end_of_record
TN:
SF:src\api\folders.ts
FN:4,getFolders
FN:10,createFolder
FN:15,moveFolder
FN:20,deleteFolder
FNF:4
FNH:0
FNDA:0,getFolders
FNDA:0,createFolder
FNDA:0,moveFolder
FNDA:0,deleteFolder
DA:5,0
DA:6,0
DA:7,0
DA:11,0
DA:12,0
DA:16,0
DA:17,0
DA:21,0
LF:8
LH:0
BRDA:5,0,0,0
BRDA:5,0,1,0
BRF:2
BRH:0
end_of_record
TN:
SF:src\api\intelligence.ts
FN:4,askQuestion
FN:9,summarizeDocument
FN:14,detectRedactions
FNF:3
FNH:0
FNDA:0,askQuestion
FNDA:0,summarizeDocument
FNDA:0,detectRedactions
DA:5,0
DA:6,0
DA:10,0
DA:11,0
DA:15,0
DA:16,0
LF:6
LH:0
BRDA:9,0,0,0
BRF:1
BRH:0
end_of_record
TN:
SF:src\api\notifications.ts
FN:4,getNotifications
FN:9,markAsRead
FN:13,markAllRead
FN:17,getUnreadCount
FNF:4
FNH:0
FNDA:0,getNotifications
FNDA:0,markAsRead
FNDA:0,markAllRead
FNDA:0,getUnreadCount
DA:5,0
DA:6,0
DA:10,0
DA:14,0
DA:18,0
DA:19,0
LF:6
LH:0
BRF:0
BRH:0
end_of_record
TN:
SF:src\api\permissions.ts
FN:15,getPermissions
FN:20,checkPermission
FN:28,grantPermission
FN:45,revokePermission
FNF:4
FNH:4
FNDA:1,getPermissions
FNDA:2,checkPermission
FNDA:1,grantPermission
FNDA:1,revokePermission
DA:16,1
DA:17,1
DA:21,2
DA:25,2
DA:36,1
DA:42,1
DA:46,1
LF:7
LH:7
BRF:0
BRH:0
end_of_record
TN:
SF:src\api\search.ts
FN:4,search
FN:9,autocomplete
FNF:2
FNH:0
FNDA:0,search
FNDA:0,autocomplete
DA:5,0
DA:6,0
DA:10,0
DA:13,0
LF:4
LH:0
BRDA:9,0,0,0
BRF:1
BRH:0
end_of_record
TN:
SF:src\api\upload.ts
FN:5,initiateUpload
FN:13,uploadToPresigned
FN:18,(anonymous_2)
FN:24,completeUpload
FNF:4
FNH:0
FNDA:0,initiateUpload
FNDA:0,uploadToPresigned
FNDA:0,(anonymous_2)
FNDA:0,completeUpload
DA:9,0
DA:10,0
DA:16,0
DA:19,0
DA:25,0
DA:26,0
LF:6
LH:0
BRDA:19,0,0,0
BRDA:19,0,1,0
BRDA:19,1,0,0
BRDA:19,1,1,0
BRF:4
BRH:0
end_of_record
TN:
SF:src\api\workflows.ts
FN:3,getMyTasks
FN:8,completeStep
FN:13,startWorkflow
FNF:3
FNH:0
FNDA:0,getMyTasks
FNDA:0,completeStep
FNDA:0,startWorkflow
DA:4,0
DA:5,0
DA:9,0
DA:10,0
DA:14,0
DA:15,0
LF:6
LH:0
BRF:0
BRH:0
end_of_record
TN:
SF:src\api\workspaces.ts
FN:4,getWorkspaces
FN:9,createWorkspace
FN:14,getFolders
FN:21,createFolder
FNF:4
FNH:0
FNDA:0,getWorkspaces
FNDA:0,createWorkspace
FNDA:0,getFolders
FNDA:0,createFolder
DA:5,0
DA:6,0
DA:10,0
DA:11,0
DA:15,0
DA:18,0
DA:22,0
DA:23,0
LF:8
LH:0
BRDA:16,0,0,0
BRDA:16,0,1,0
BRF:2
BRH:0
end_of_record
TN:
SF:src\components\admin\AuditLogTable.tsx
FN:11,(anonymous_0)
FN:12,(anonymous_1)
FN:13,(anonymous_2)
FN:14,(anonymous_3)
FN:15,(anonymous_4)
FN:18,AuditLogTable
FNF:6
FNH:0
FNDA:0,(anonymous_0)
FNDA:0,(anonymous_1)
FNDA:0,(anonymous_2)
FNDA:0,(anonymous_3)
FNDA:0,(anonymous_4)
FNDA:0,AuditLogTable
DA:10,0
DA:11,0
DA:12,0
DA:13,0
DA:14,0
DA:15,0
DA:19,0
LF:7
LH:0
BRDA:15,0,0,0
BRDA:15,0,1,0
BRDA:21,1,0,0
BRDA:21,1,1,0
BRF:4
BRH:0
end_of_record
TN:
SF:src\components\admin\ComplianceDashboard.tsx
FN:11,ComplianceDashboard
FN:29,(anonymous_1)
FN:30,(anonymous_2)
FNF:3
FNH:0
FNDA:0,ComplianceDashboard
FNDA:0,(anonymous_1)
FNDA:0,(anonymous_2)
DA:3,0
DA:12,0
DA:29,0
DA:30,0
LF:4
LH:0
BRDA:11,0,0,0
BRDA:11,1,0,0
BRDA:11,2,0,0
BRF:3
BRH:0
end_of_record
TN:
SF:src\components\admin\UserTable.tsx
FN:15,(anonymous_0)
FN:25,(anonymous_1)
FN:29,(anonymous_2)
FN:34,(anonymous_3)
FN:39,(anonymous_4)
FN:53,UserTable
FNF:6
FNH:0
FNDA:0,(anonymous_0)
FNDA:0,(anonymous_1)
FNDA:0,(anonymous_2)
FNDA:0,(anonymous_3)
FNDA:0,(anonymous_4)
FNDA:0,UserTable
DA:11,0
DA:16,0
DA:25,0
DA:29,0
DA:34,0
DA:40,0
DA:54,0
LF:7
LH:0
BRDA:29,0,0,0
BRDA:29,0,1,0
BRDA:29,1,0,0
BRDA:29,1,1,0
BRDA:34,2,0,0
BRDA:34,2,1,0
BRF:6
BRH:0
end_of_record
TN:
SF:src\components\ai\AIChatPanel.tsx
FN:13,AIChatPanel
FN:18,(anonymous_1)
FN:22,(anonymous_2)
FN:26,(anonymous_3)
FN:28,(anonymous_4)
FN:39,(anonymous_5)
FN:46,(anonymous_6)
FN:46,(anonymous_7)
FN:56,(anonymous_8)
FN:56,(anonymous_9)
FNF:10
FNH:0
FNDA:0,AIChatPanel
FNDA:0,(anonymous_1)
FNDA:0,(anonymous_2)
FNDA:0,(anonymous_3)
FNDA:0,(anonymous_4)
FNDA:0,(anonymous_5)
FNDA:0,(anonymous_6)
FNDA:0,(anonymous_7)
FNDA:0,(anonymous_8)
FNDA:0,(anonymous_9)
DA:14,0
DA:15,0
DA:16,0
DA:18,0
DA:19,0
DA:20,0
DA:21,0
DA:22,0
DA:23,0
DA:24,0
DA:25,0
DA:26,0
DA:28,0
DA:30,0
DA:34,0
DA:40,0
DA:46,0
DA:56,0
LF:18
LH:0
BRDA:19,0,0,0
BRDA:19,0,1,0
BRDA:19,1,0,0
BRDA:19,1,1,0
BRDA:38,2,0,0
BRDA:38,2,1,0
BRDA:40,3,0,0
BRDA:40,3,1,0
BRDA:41,4,0,0
BRDA:41,4,1,0
BRDA:42,5,0,0
BRDA:42,5,1,0
BRDA:44,6,0,0
BRDA:44,6,1,0
BRDA:44,6,2,0
BRDA:50,7,0,0
BRDA:50,7,1,0
BRDA:53,8,0,0
BRDA:53,8,1,0
BRDA:56,9,0,0
BRDA:56,9,1,0
BRDA:57,10,0,0
BRDA:57,10,1,0
BRF:23
BRH:0
end_of_record
TN:
SF:src\components\ai\ClassificationBadge.tsx
FN:5,ClassificationBadge
FNF:1
FNH:0
FNDA:0,ClassificationBadge
DA:6,0
DA:7,0
DA:8,0
LF:3
LH:0
BRDA:6,0,0,0
BRDA:6,0,1,0
BRDA:7,1,0,0
BRDA:7,1,1,0
BRF:4
BRH:0
end_of_record
TN:
SF:src\components\ai\RedactionTool.tsx
FN:11,RedactionTool
FN:17,(anonymous_1)
FN:23,(anonymous_2)
FN:29,(anonymous_3)
FN:30,(anonymous_4)
FN:45,(anonymous_5)
FN:47,(anonymous_6)
FN:56,(anonymous_7)
FNF:8
FNH:0
FNDA:0,RedactionTool
FNDA:0,(anonymous_1)
FNDA:0,(anonymous_2)
FNDA:0,(anonymous_3)
FNDA:0,(anonymous_4)
FNDA:0,(anonymous_5)
FNDA:0,(anonymous_6)
FNDA:0,(anonymous_7)
DA:12,0
DA:13,0
DA:14,0
DA:15,0
DA:17,0
DA:18,0
DA:19,0
DA:20,0
DA:21,0
DA:22,0
DA:23,0
DA:24,0
DA:26,0
DA:29,0
DA:30,0
DA:33,0
DA:46,0
DA:47,0
DA:56,0
LF:19
LH:0
BRDA:21,0,0,0
BRDA:21,0,1,0
BRDA:30,1,0,0
BRDA:30,1,1,0
BRDA:35,2,0,0
BRDA:35,2,1,0
BRF:6
BRH:0
end_of_record
TN:
SF:src\components\ai\SummaryButton.tsx
FN:8,SummaryButton
FN:12,(anonymous_1)
FNF:2
FNH:0
FNDA:0,SummaryButton
FNDA:0,(anonymous_1)
DA:9,0
DA:10,0
DA:12,0
DA:13,0
DA:14,0
DA:15,0
DA:16,0
DA:17,0
DA:19,0
DA:21,0
DA:25,0
LF:11
LH:0
BRDA:13,0,0,0
BRDA:13,0,1,0
BRDA:13,1,0,0
BRDA:13,1,1,0
BRDA:32,2,0,0
BRDA:32,2,1,0
BRDA:32,3,0,0
BRDA:32,3,1,0
BRF:8
BRH:0
end_of_record
TN:
SF:src\components\documents\BulkActionBar.tsx
FN:6,BulkActionBar
FNF:1
FNH:0
FNDA:0,BulkActionBar
DA:7,0
DA:8,0
LF:2
LH:0
BRDA:7,0,0,0
BRDA:7,0,1,0
BRDA:12,1,0,0
BRDA:12,1,1,0
BRDA:13,2,0,0
BRDA:13,2,1,0
BRDA:14,3,0,0
BRDA:14,3,1,0
BRDA:15,4,0,0
BRDA:15,4,1,0
BRF:10
BRH:0
end_of_record
TN:
SF:src\components\documents\DocumentCard.tsx
FN:7,DocumentCard
FNF:1
FNH:0
FNDA:0,DocumentCard
DA:8,0
LF:1
LH:0
BRDA:15,0,0,0
BRDA:15,0,1,0
BRDA:15,1,0,0
BRDA:15,1,1,0
BRF:4
BRH:0
end_of_record
TN:
SF:src\components\documents\DocumentList.tsx
FN:15,DocumentList
FN:21,(anonymous_1)
FN:42,(anonymous_2)
FN:45,(anonymous_3)
FN:52,(anonymous_4)
FNF:5
FNH:0
FNDA:0,DocumentList
FNDA:0,(anonymous_1)
FNDA:0,(anonymous_2)
FNDA:0,(anonymous_3)
FNDA:0,(anonymous_4)
DA:16,0
DA:18,0
DA:19,0
DA:21,0
DA:26,0
DA:27,0
DA:37,0
DA:42,0
DA:45,0
DA:52,0
LF:10
LH:0
BRDA:18,0,0,0
BRDA:18,0,1,0
BRDA:26,1,0,0
BRDA:26,1,1,0
BRDA:42,2,0,0
BRDA:42,2,1,0
BRDA:45,3,0,0
BRDA:45,3,1,0
BRDA:48,4,0,0
BRDA:48,4,1,0
BRDA:51,5,0,0
BRDA:51,5,1,0
BRF:12
BRH:0
end_of_record
TN:
SF:src\components\documents\DocumentUpload.tsx
FN:9,DocumentUpload
FN:12,(anonymous_1)
FNF:2
FNH:0
FNDA:0,DocumentUpload
FNDA:0,(anonymous_1)
DA:10,0
DA:12,0
DA:14,0
DA:16,0
LF:4
LH:0
BRDA:21,0,0,0
BRDA:21,0,1,0
BRDA:25,1,0,0
BRDA:25,1,1,0
BRDA:27,2,0,0
BRDA:27,2,1,0
BRF:6
BRH:0
end_of_record
TN:
SF:src\components\documents\MetadataPanel.tsx
FN:12,MetadataPanel
FN:46,Row
FNF:2
FNH:0
FNDA:0,MetadataPanel
FNDA:0,Row
DA:13,0
DA:47,0
LF:2
LH:0
BRDA:25,0,0,0
BRDA:25,0,1,0
BRDA:30,1,0,0
BRDA:30,1,1,0
BRF:4
BRH:0
end_of_record
TN:
SF:src\components\documents\ShareDialog.tsx
FN:11,ShareDialog
FN:17,(anonymous_1)
FN:23,(anonymous_2)
FN:36,(anonymous_3)
FNF:4
FNH:0
FNDA:0,ShareDialog
FNDA:0,(anonymous_1)
FNDA:0,(anonymous_2)
FNDA:0,(anonymous_3)
DA:12,0
DA:13,0
DA:14,0
DA:15,0
DA:17,0
DA:18,0
DA:19,0
DA:20,0
DA:23,0
DA:24,0
DA:25,0
DA:28,0
DA:36,0
LF:13
LH:0
BRDA:43,0,0,0
BRDA:43,0,1,0
BRF:2
BRH:0
end_of_record
TN:
SF:src\components\documents\TagEditor.tsx
FN:5,TagEditor
FN:10,(anonymous_1)
FN:19,(anonymous_2)
FN:20,(anonymous_3)
FN:25,(anonymous_4)
FN:28,(anonymous_5)
FN:35,(anonymous_6)
FN:36,(anonymous_7)
FN:42,(anonymous_8)
FNF:9
FNH:0
FNDA:0,TagEditor
FNDA:0,(anonymous_1)
FNDA:0,(anonymous_2)
FNDA:0,(anonymous_3)
FNDA:0,(anonymous_4)
FNDA:0,(anonymous_5)
FNDA:0,(anonymous_6)
FNDA:0,(anonymous_7)
FNDA:0,(anonymous_8)
DA:6,0
DA:7,0
DA:8,0
DA:10,0
DA:11,0
DA:12,0
DA:13,0
DA:15,0
DA:16,0
DA:19,0
DA:20,0
DA:23,0
DA:26,0
DA:28,0
DA:35,0
DA:36,0
DA:42,0
LF:17
LH:0
BRDA:12,0,0,0
BRDA:12,0,1,0
BRDA:12,1,0,0
BRDA:12,1,1,0
BRDA:31,2,0,0
BRDA:31,2,1,0
BRDA:36,3,0,0
BRDA:36,3,1,0
BRDA:36,4,0,0
BRDA:36,4,1,0
BRF:10
BRH:0
end_of_record
TN:
SF:src\components\documents\UploadProgress.tsx
FN:7,UploadProgress
FN:8,(anonymous_1)
FN:15,(anonymous_2)
FN:20,(anonymous_3)
FN:23,(anonymous_4)
FN:29,(anonymous_5)
FN:29,(anonymous_6)
FN:36,UploadRow
FNF:8
FNH:0
FNDA:0,UploadProgress
FNDA:0,(anonymous_1)
FNDA:0,(anonymous_2)
FNDA:0,(anonymous_3)
FNDA:0,(anonymous_4)
FNDA:0,(anonymous_5)
FNDA:0,(anonymous_6)
FNDA:0,UploadRow
DA:8,0
DA:9,0
DA:10,0
DA:11,0
DA:13,0
DA:15,0
DA:16,0
DA:18,0
DA:20,0
DA:23,0
DA:29,0
DA:37,0
LF:12
LH:0
BRDA:13,0,0,0
BRDA:13,0,1,0
BRDA:15,1,0,0
BRDA:15,1,1,0
BRDA:16,2,0,0
BRDA:16,2,1,0
BRDA:16,3,0,0
BRDA:16,3,1,0
BRDA:23,4,0,0
BRDA:23,4,1,0
BRDA:24,5,0,0
BRDA:24,5,1,0
BRDA:27,6,0,0
BRDA:27,6,1,0
BRDA:43,7,0,0
BRDA:43,7,1,0
BRDA:45,8,0,0
BRDA:45,8,1,0
BRDA:51,9,0,0
BRDA:51,9,1,0
BRDA:52,10,0,0
BRDA:52,10,1,0
BRF:22
BRH:0
end_of_record
TN:
SF:src\components\documents\VersionHistory.tsx
FN:9,VersionHistory
FN:10,(anonymous_1)
FN:12,(anonymous_2)
FN:16,(anonymous_3)
FNF:4
FNH:0
FNDA:0,VersionHistory
FNDA:0,(anonymous_1)
FNDA:0,(anonymous_2)
FNDA:0,(anonymous_3)
DA:10,0
DA:12,0
DA:14,0
DA:17,0
LF:4
LH:0
BRDA:12,0,0,0
BRDA:12,0,1,0
BRDA:24,1,0,0
BRDA:24,1,1,0
BRF:4
BRH:0
end_of_record
TN:
SF:src\components\layout\AppLayout.tsx
FN:7,AppLayout
FN:8,(anonymous_1)
FNF:2
FNH:0
FNDA:0,AppLayout
FNDA:0,(anonymous_1)
DA:8,0
DA:9,0
LF:2
LH:0
BRDA:12,0,0,0
BRDA:12,0,1,0
BRF:2
BRH:0
end_of_record
TN:
SF:src\components\layout\Breadcrumb.tsx
FN:6,Breadcrumb
FN:9,(anonymous_1)
FNF:2
FNH:0
FNDA:0,Breadcrumb
FNDA:0,(anonymous_1)
DA:7,0
DA:10,0
LF:2
LH:0
BRDA:11,0,0,0
BRDA:11,0,1,0
BRDA:12,1,0,0
BRDA:12,1,1,0
BRF:4
BRH:0
end_of_record
TN:
SF:src\components\layout\FolderTree.tsx
FN:9,FolderNode
FN:15,(anonymous_1)
FN:22,(anonymous_2)
FN:36,(anonymous_3)
FN:41,FolderTree
FN:44,(anonymous_5)
FN:48,(anonymous_6)
FNF:7
FNH:0
FNDA:0,FolderNode
FNDA:0,(anonymous_1)
FNDA:0,(anonymous_2)
FNDA:0,(anonymous_3)
FNDA:0,FolderTree
FNDA:0,(anonymous_5)
FNDA:0,(anonymous_6)
DA:10,0
DA:11,0
DA:12,0
DA:13,0
DA:15,0
DA:19,0
DA:22,0
DA:36,0
DA:42,0
DA:44,0
DA:47,0
DA:48,0
LF:12
LH:0
BRDA:22,0,0,0
BRDA:22,0,1,0
BRDA:25,1,0,0
BRDA:25,1,1,0
BRDA:29,2,0,0
BRDA:29,2,1,0
BRDA:30,3,0,0
BRDA:30,3,1,0
BRDA:32,4,0,0
BRDA:32,4,1,0
BRDA:34,5,0,0
BRDA:34,5,1,0
BRDA:36,6,0,0
BRDA:36,6,1,0
BRDA:47,7,0,0
BRDA:47,7,1,0
BRF:16
BRH:0
end_of_record
TN:
SF:src\components\layout\Header.tsx
FN:6,Header
FN:14,(anonymous_1)
FN:23,(anonymous_2)
FNF:3
FNH:0
FNDA:0,Header
FNDA:0,(anonymous_1)
FNDA:0,(anonymous_2)
DA:7,0
DA:8,0
DA:9,0
DA:11,0
DA:14,0
DA:23,0
LF:6
LH:0
BRDA:27,0,0,0
BRDA:27,0,1,0
BRDA:31,1,0,0
BRDA:31,1,1,0
BRF:4
BRH:0
end_of_record
TN:
SF:src\components\layout\Sidebar.tsx
FN:14,Sidebar
FN:28,(anonymous_1)
FNF:2
FNH:0
FNDA:0,Sidebar
FNDA:0,(anonymous_1)
DA:6,0
DA:15,0
DA:16,0
DA:29,0
LF:4
LH:0
BRDA:19,0,0,0
BRDA:19,0,1,0
BRDA:22,1,0,0
BRDA:22,1,1,0
BRDA:24,2,0,0
BRDA:24,2,1,0
BRDA:31,3,0,0
BRDA:31,3,1,0
BRDA:34,4,0,0
BRDA:34,4,1,0
BRF:10
BRH:0
end_of_record
TN:
SF:src\components\layout\WorkspaceSelector.tsx
FN:6,WorkspaceSelector
FN:9,(anonymous_1)
FNF:2
FNH:0
FNDA:0,WorkspaceSelector
FNDA:0,(anonymous_1)
DA:7,0
DA:8,0
DA:9,0
DA:10,0
LF:4
LH:0
BRDA:9,0,0,0
BRDA:9,0,1,0
BRDA:10,1,0,0
BRDA:10,1,1,0
BRF:4
BRH:0
end_of_record
TN:
SF:src\components\shared\ErrorBoundary.tsx
FN:9,(anonymous_0)
FN:10,(anonymous_1)
FN:11,(anonymous_2)
FN:17,(anonymous_3)
FNF:4
FNH:0
FNDA:0,(anonymous_0)
FNDA:0,(anonymous_1)
FNDA:0,(anonymous_2)
FNDA:0,(anonymous_3)
DA:8,0
DA:9,0
DA:10,0
DA:12,0
DA:13,0
DA:17,0
DA:21,0
LF:7
LH:0
BRDA:12,0,0,0
BRDA:12,0,1,0
BRDA:13,1,0,0
BRDA:13,1,1,0
BRF:4
BRH:0
end_of_record
TN:
SF:src\components\shared\LoadingScreen.tsx
FN:3,LoadingScreen
FNF:1
FNH:0
FNDA:0,LoadingScreen
DA:4,0
LF:1
LH:0
BRF:0
BRH:0
end_of_record
TN:
SF:src\components\shared\PageHeader.tsx
FN:9,PageHeader
FNF:1
FNH:1
FNDA:4,PageHeader
DA:10,4
LF:1
LH:1
BRDA:14,0,0,4
BRDA:14,0,1,2
BRDA:16,1,0,4
BRDA:16,1,1,1
BRF:4
BRH:4
end_of_record
TN:
SF:src\components\ui\Avatar.tsx
FN:8,Avatar
FN:9,(anonymous_1)
FNF:2
FNH:0
FNDA:0,Avatar
FNDA:0,(anonymous_1)
DA:6,0
DA:9,0
DA:10,0
LF:3
LH:0
BRDA:8,0,0,0
BRF:1
BRH:0
end_of_record
TN:
SF:src\components\ui\Badge.tsx
FN:19,Badge
FNF:1
FNH:0
FNDA:0,Badge
DA:3,0
DA:20,0
LF:2
LH:0
BRDA:19,0,0,0
BRDA:23,1,0,0
BRDA:23,1,1,0
BRF:3
BRH:0
end_of_record
TN:
SF:src\components\ui\Button.tsx
FN:25,(anonymous_0)
FNF:1
FNH:1
FNDA:7,(anonymous_0)
DA:5,2
DA:13,2
DA:25,2
DA:27,7
DA:41,2
LF:5
LH:5
BRDA:26,0,0,7
BRDA:26,1,0,7
BRDA:29,2,0,7
BRDA:29,2,1,5
BRDA:36,3,0,7
BRDA:36,3,1,1
BRF:6
BRH:6
end_of_record
TN:
SF:src\components\ui\CommandPalette.tsx
FN:6,CommandPalette
FN:10,(anonymous_1)
FN:11,(anonymous_2)
FN:15,(anonymous_3)
FN:18,(anonymous_4)
FN:23,(anonymous_5)
FN:25,(anonymous_6)
FN:34,(anonymous_7)
FN:37,(anonymous_8)
FN:40,(anonymous_9)
FN:43,(anonymous_10)
FNF:11
FNH:0
FNDA:0,CommandPalette
FNDA:0,(anonymous_1)
FNDA:0,(anonymous_2)
FNDA:0,(anonymous_3)
FNDA:0,(anonymous_4)
FNDA:0,(anonymous_5)
FNDA:0,(anonymous_6)
FNDA:0,(anonymous_7)
FNDA:0,(anonymous_8)
FNDA:0,(anonymous_9)
FNDA:0,(anonymous_10)
DA:7,0
DA:8,0
DA:10,0
DA:11,0
DA:12,0
DA:14,0
DA:15,0
DA:18,0
DA:20,0
DA:22,0
DA:23,0
DA:25,0
DA:34,0
DA:37,0
DA:40,0
DA:43,0
LF:16
LH:0
BRDA:12,0,0,0
BRDA:12,0,1,0
BRDA:12,1,0,0
BRDA:12,1,1,0
BRDA:12,1,2,0
BRDA:20,2,0,0
BRDA:20,2,1,0
BRF:7
BRH:0
end_of_record
TN:
SF:src\components\ui\ConfirmDialog.tsx
FN:15,ConfirmDialog
FN:19,(anonymous_1)
FNF:2
FNH:0
FNDA:0,ConfirmDialog
FNDA:0,(anonymous_1)
DA:16,0
DA:19,0
LF:2
LH:0
BRDA:15,0,0,0
BRDA:20,1,0,0
BRDA:20,1,1,0
BRF:3
BRH:0
end_of_record
TN:
SF:src\components\ui\DataTable.tsx
FN:8,DataTable
FN:16,(anonymous_1)
FN:18,(anonymous_2)
FN:32,(anonymous_3)
FN:33,(anonymous_4)
FN:34,(anonymous_5)
FNF:6
FNH:0
FNDA:0,DataTable
FNDA:0,(anonymous_1)
FNDA:0,(anonymous_2)
FNDA:0,(anonymous_3)
FNDA:0,(anonymous_4)
FNDA:0,(anonymous_5)
DA:9,0
DA:10,0
DA:12,0
DA:17,0
DA:19,0
DA:33,0
DA:35,0
LF:7
LH:0
BRDA:20,0,0,0
BRDA:20,0,1,0
BRDA:23,1,0,0
BRDA:23,1,1,0
BRDA:33,2,0,0
BRDA:33,2,1,0
BRF:6
BRH:0
end_of_record
TN:
SF:src\components\ui\Dialog.tsx
FN:17,Dialog
FNF:1
FNH:0
FNDA:0,Dialog
DA:6,0
DA:18,0
LF:2
LH:0
BRDA:17,0,0,0
BRDA:29,1,0,0
BRDA:29,1,1,0
BRF:3
BRH:0
end_of_record
TN:
SF:src\components\ui\DropdownMenu.tsx
FN:8,DropdownMenuContent
FN:24,DropdownMenuItem
FN:40,(anonymous_2)
FNF:3
FNH:0
FNDA:0,DropdownMenuContent
FNDA:0,DropdownMenuItem
FNDA:0,(anonymous_2)
DA:5,0
DA:6,0
DA:9,0
DA:25,0
DA:40,0
LF:5
LH:0
BRDA:30,0,0,0
BRDA:30,0,1,0
BRDA:35,1,0,0
BRDA:35,1,1,0
BRF:4
BRH:0
end_of_record
TN:
SF:src\components\ui\EmptyState.tsx
FN:12,EmptyState
FNF:1
FNH:0
FNDA:0,EmptyState
DA:13,0
LF:1
LH:0
BRDA:15,0,0,0
BRDA:15,0,1,0
BRDA:17,1,0,0
BRDA:17,1,1,0
BRDA:18,2,0,0
BRDA:18,2,1,0
BRDA:18,2,2,0
BRF:7
BRH:0
end_of_record
TN:
SF:src\components\ui\ErrorState.tsx
FN:6,ErrorState
FNF:1
FNH:0
FNDA:0,ErrorState
DA:7,0
LF:1
LH:0
BRDA:6,0,0,0
BRDA:11,1,0,0
BRDA:11,1,1,0
BRF:3
BRH:0
end_of_record
TN:
SF:src\components\ui\FileIcon.tsx
FN:13,FileIcon
FN:14,(anonymous_1)
FNF:2
FNH:0
FNDA:0,FileIcon
FNDA:0,(anonymous_1)
DA:4,0
DA:14,0
DA:15,0
DA:16,0
LF:4
LH:0
BRDA:15,0,0,0
BRDA:15,0,1,0
BRF:2
BRH:0
end_of_record
TN:
SF:src\components\ui\Input.tsx
FN:11,(anonymous_0)
FNF:1
FNH:0
FNDA:0,(anonymous_0)
DA:11,0
DA:13,0
DA:14,0
DA:38,0
LF:4
LH:0
BRDA:13,0,0,0
BRDA:13,0,1,0
BRDA:16,1,0,0
BRDA:16,1,1,0
BRDA:18,2,0,0
BRDA:18,2,1,0
BRDA:24,3,0,0
BRDA:24,3,1,0
BRDA:25,4,0,0
BRDA:25,4,1,0
BRDA:26,5,0,0
BRDA:26,5,1,0
BRDA:31,6,0,0
BRDA:31,6,1,0
BRDA:33,7,0,0
BRDA:33,7,1,0
BRF:16
BRH:0
end_of_record
TN:
SF:src\components\ui\Pagination.tsx
FN:13,Pagination
FNF:1
FNH:0
FNDA:0,Pagination
DA:14,0
LF:1
LH:0
BRDA:16,0,0,0
BRDA:16,0,1,0
BRF:2
BRH:0
end_of_record
TN:
SF:src\components\ui\SearchInput.tsx
FN:14,SearchInput
FN:18,(anonymous_1)
FN:20,(anonymous_2)
FN:23,(anonymous_3)
FN:31,(anonymous_4)
FN:37,(anonymous_5)
FNF:6
FNH:0
FNDA:0,SearchInput
FNDA:0,(anonymous_1)
FNDA:0,(anonymous_2)
FNDA:0,(anonymous_3)
FNDA:0,(anonymous_4)
FNDA:0,(anonymous_5)
DA:15,0
DA:16,0
DA:18,0
DA:20,0
DA:21,0
DA:22,0
DA:23,0
DA:26,0
DA:31,0
DA:37,0
LF:10
LH:0
BRDA:14,0,0,0
BRDA:14,1,0,0
BRDA:36,2,0,0
BRDA:36,2,1,0
BRF:4
BRH:0
end_of_record
TN:
SF:src\components\ui\Select.tsx
FN:16,Select
FN:28,(anonymous_1)
FNF:2
FNH:0
FNDA:0,Select
FNDA:0,(anonymous_1)
DA:17,0
DA:29,0
LF:2
LH:0
BRDA:16,0,0,0
BRDA:19,1,0,0
BRDA:19,1,1,0
BRF:3
BRH:0
end_of_record
TN:
SF:src\components\ui\Sheet.tsx
FN:8,Sheet
FNF:1
FNH:0
FNDA:0,Sheet
DA:9,0
LF:1
LH:0
BRDA:17,0,0,0
BRDA:17,0,1,0
BRF:2
BRH:0
end_of_record
TN:
SF:src\components\ui\Skeleton.tsx
FN:3,Skeleton
FNF:1
FNH:0
FNDA:0,Skeleton
DA:4,0
LF:1
LH:0
BRF:0
BRH:0
end_of_record
TN:
SF:src\components\ui\Spinner.tsx
FN:4,Spinner
FNF:1
FNH:0
FNDA:0,Spinner
DA:5,0
LF:1
LH:0
BRF:0
BRH:0
end_of_record
TN:
SF:src\components\ui\Tabs.tsx
FN:6,TabsList
FN:10,TabsTrigger
FN:24,TabsContent
FNF:3
FNH:0
FNDA:0,TabsList
FNDA:0,TabsTrigger
FNDA:0,TabsContent
DA:4,0
DA:7,0
DA:11,0
DA:25,0
LF:4
LH:0
BRF:0
BRH:0
end_of_record
TN:
SF:src\components\ui\Textarea.tsx
FN:9,(anonymous_0)
FNF:1
FNH:0
FNDA:0,(anonymous_0)
DA:9,0
DA:11,0
DA:12,0
DA:29,0
LF:4
LH:0
BRDA:11,0,0,0
BRDA:11,0,1,0
BRDA:14,1,0,0
BRDA:14,1,1,0
BRDA:20,2,0,0
BRDA:20,2,1,0
BRDA:24,3,0,0
BRDA:24,3,1,0
BRF:8
BRH:0
end_of_record
TN:
SF:src\components\ui\Tooltip.tsx
FN:4,TooltipProvider
FN:8,Tooltip
FNF:2
FNH:0
FNDA:0,TooltipProvider
FNDA:0,Tooltip
DA:5,0
DA:9,0
LF:2
LH:0
BRDA:8,0,0,0
BRF:1
BRH:0
end_of_record
TN:
SF:src\components\viewer\DocumentViewer.tsx
FN:13,DocumentViewer
FN:27,(anonymous_1)
FN:27,(anonymous_2)
FN:29,(anonymous_3)
FN:29,(anonymous_4)
FN:30,(anonymous_5)
FN:30,(anonymous_6)
FNF:7
FNH:0
FNDA:0,DocumentViewer
FNDA:0,(anonymous_1)
FNDA:0,(anonymous_2)
FNDA:0,(anonymous_3)
FNDA:0,(anonymous_4)
FNDA:0,(anonymous_5)
FNDA:0,(anonymous_6)
DA:14,0
DA:15,0
DA:17,0
DA:23,0
DA:27,0
DA:29,0
DA:30,0
LF:7
LH:0
BRDA:17,0,0,0
BRDA:17,0,1,0
BRDA:18,1,0,0
BRDA:18,1,1,0
BRDA:19,2,0,0
BRDA:19,2,1,0
BRDA:20,3,0,0
BRDA:20,3,1,0
BRF:8
BRH:0
end_of_record
TN:
SF:src\components\viewer\ImageViewer.tsx
FN:3,ImageViewer
FN:11,(anonymous_1)
FN:12,(anonymous_2)
FN:13,(anonymous_3)
FN:14,(anonymous_4)
FNF:5
FNH:0
FNDA:0,ImageViewer
FNDA:0,(anonymous_1)
FNDA:0,(anonymous_2)
FNDA:0,(anonymous_3)
FNDA:0,(anonymous_4)
DA:4,0
DA:5,0
DA:6,0
DA:8,0
DA:11,0
DA:12,0
DA:13,0
DA:14,0
LF:8
LH:0
BRDA:12,0,0,0
BRDA:12,0,1,0
BRF:2
BRH:0
end_of_record
TN:
SF:src\components\viewer\PDFViewer.tsx
FN:9,PDFViewer
FN:15,(anonymous_1)
FN:20,(anonymous_2)
FN:20,(anonymous_3)
FN:22,(anonymous_4)
FN:22,(anonymous_5)
FNF:6
FNH:0
FNDA:0,PDFViewer
FNDA:0,(anonymous_1)
FNDA:0,(anonymous_2)
FNDA:0,(anonymous_3)
FNDA:0,(anonymous_4)
FNDA:0,(anonymous_5)
DA:7,0
DA:10,0
DA:11,0
DA:13,0
DA:15,0
DA:20,0
DA:22,0
LF:7
LH:0
BRDA:18,0,0,0
BRDA:18,0,1,0
BRF:2
BRH:0
end_of_record
TN:
SF:src\components\viewer\TextViewer.tsx
FN:3,TextViewer
FN:5,(anonymous_1)
FN:5,(anonymous_2)
FN:5,(anonymous_3)
FNF:4
FNH:0
FNDA:0,TextViewer
FNDA:0,(anonymous_1)
FNDA:0,(anonymous_2)
FNDA:0,(anonymous_3)
DA:4,0
DA:5,0
DA:6,0
LF:3
LH:0
BRF:0
BRH:0
end_of_record
TN:
SF:src\components\viewer\UnsupportedFormat.tsx
FN:5,UnsupportedFormat
FN:10,(anonymous_1)
FNF:2
FNH:0
FNDA:0,UnsupportedFormat
FNDA:0,(anonymous_1)
DA:6,0
DA:10,0
LF:2
LH:0
BRF:0
BRH:0
end_of_record
TN:
SF:src\components\viewer\VideoPlayer.tsx
FN:1,VideoPlayer
FNF:1
FNH:0
FNDA:0,VideoPlayer
DA:2,0
LF:1
LH:0
BRF:0
BRH:0
end_of_record
TN:
SF:src\components\workflow\TaskList.tsx
FN:10,TaskList
FN:14,(anonymous_1)
FNF:2
FNH:0
FNDA:0,TaskList
FNDA:0,(anonymous_1)
DA:11,0
DA:12,0
DA:15,0
LF:3
LH:0
BRDA:10,0,0,0
BRDA:11,1,0,0
BRDA:11,1,1,0
BRDA:21,2,0,0
BRDA:21,2,1,0
BRF:5
BRH:0
end_of_record
TN:
SF:src\components\workflow\WorkflowTimeline.tsx
FN:6,WorkflowTimeline
FN:9,(anonymous_1)
FNF:2
FNH:0
FNDA:0,WorkflowTimeline
FNDA:0,(anonymous_1)
DA:7,0
DA:10,0
LF:2
LH:0
BRDA:12,0,0,0
BRDA:12,0,1,0
BRDA:13,1,0,0
BRDA:13,1,1,0
BRDA:14,2,0,0
BRDA:14,2,1,0
BRDA:15,3,0,0
BRDA:15,3,1,0
BRDA:15,4,0,0
BRDA:15,4,1,0
BRDA:18,5,0,0
BRDA:18,5,1,0
BRDA:19,6,0,0
BRDA:19,6,1,0
BRF:14
BRH:0
end_of_record
TN:
SF:src\hooks\useAI.ts
FN:4,useAskQuestion
FN:5,(anonymous_1)
FN:8,useSummarize
FN:9,(anonymous_3)
FN:12,useDetectRedactions
FN:13,(anonymous_5)
FNF:6
FNH:0
FNDA:0,useAskQuestion
FNDA:0,(anonymous_1)
FNDA:0,useSummarize
FNDA:0,(anonymous_3)
FNDA:0,useDetectRedactions
FNDA:0,(anonymous_5)
DA:5,0
DA:9,0
DA:13,0
LF:3
LH:0
BRF:0
BRH:0
end_of_record
TN:
SF:src\hooks\useAuth.ts
FN:7,useLogin
FN:8,(anonymous_1)
FN:11,(anonymous_2)
FN:12,(anonymous_3)
FN:16,(anonymous_4)
FN:20,useLogout
FN:21,(anonymous_6)
FN:23,(anonymous_7)
FN:23,(anonymous_8)
FN:26,useIsAuthenticated
FN:27,(anonymous_10)
FN:30,useCurrentUser
FN:31,(anonymous_12)
FNF:13
FNH:0
FNDA:0,useLogin
FNDA:0,(anonymous_1)
FNDA:0,(anonymous_2)
FNDA:0,(anonymous_3)
FNDA:0,(anonymous_4)
FNDA:0,useLogout
FNDA:0,(anonymous_6)
FNDA:0,(anonymous_7)
FNDA:0,(anonymous_8)
FNDA:0,useIsAuthenticated
FNDA:0,(anonymous_10)
FNDA:0,useCurrentUser
FNDA:0,(anonymous_12)
DA:8,0
DA:9,0
DA:10,0
DA:11,0
DA:13,0
DA:14,0
DA:16,0
DA:21,0
DA:22,0
DA:23,0
DA:27,0
DA:31,0
LF:12
LH:0
BRF:0
BRH:0
end_of_record
TN:
SF:src\hooks\useDocuments.ts
FN:4,useDocuments
FN:5,(anonymous_1)
FN:8,useDocument
FN:9,(anonymous_3)
FN:12,useUpdateDocument
FN:15,(anonymous_5)
FN:16,(anonymous_6)
FN:23,useDeleteDocument
FN:27,(anonymous_8)
FNF:9
FNH:0
FNDA:0,useDocuments
FNDA:0,(anonymous_1)
FNDA:0,useDocument
FNDA:0,(anonymous_3)
FNDA:0,useUpdateDocument
FNDA:0,(anonymous_5)
FNDA:0,(anonymous_6)
FNDA:0,useDeleteDocument
FNDA:0,(anonymous_8)
DA:5,0
DA:9,0
DA:13,0
DA:14,0
DA:15,0
DA:17,0
DA:18,0
DA:24,0
DA:25,0
DA:27,0
LF:10
LH:0
BRF:0
BRH:0
end_of_record
TN:
SF:src\hooks\useFolders.ts
FN:4,useFolders
FN:7,(anonymous_1)
FN:12,useCreateFolder
FN:15,(anonymous_3)
FN:17,(anonymous_4)
FNF:5
FNH:0
FNDA:0,useFolders
FNDA:0,(anonymous_1)
FNDA:0,useCreateFolder
FNDA:0,(anonymous_3)
FNDA:0,(anonymous_4)
DA:5,0
DA:7,0
DA:13,0
DA:14,0
DA:15,0
DA:17,0
LF:6
LH:0
BRDA:6,0,0,0
BRDA:6,0,1,0
BRF:2
BRH:0
end_of_record
TN:
SF:src\hooks\useNotifications.ts
FN:4,useNotifications
FN:5,(anonymous_1)
FN:8,useUnreadCount
FN:12,useMarkAsRead
FN:16,(anonymous_4)
FN:22,useMarkAllRead
FN:24,(anonymous_6)
FNF:7
FNH:0
FNDA:0,useNotifications
FNDA:0,(anonymous_1)
FNDA:0,useUnreadCount
FNDA:0,useMarkAsRead
FNDA:0,(anonymous_4)
FNDA:0,useMarkAllRead
FNDA:0,(anonymous_6)
DA:5,0
DA:9,0
DA:13,0
DA:14,0
DA:17,0
DA:23,0
DA:24,0
LF:7
LH:0
BRF:0
BRH:0
end_of_record
TN:
SF:src\hooks\useSearch.ts
FN:4,useSearch
FN:7,(anonymous_1)
FN:13,useAutocomplete
FN:16,(anonymous_3)
FNF:4
FNH:0
FNDA:0,useSearch
FNDA:0,(anonymous_1)
FNDA:0,useAutocomplete
FNDA:0,(anonymous_3)
DA:5,0
DA:7,0
DA:14,0
DA:16,0
LF:4
LH:0
BRDA:4,0,0,0
BRF:1
BRH:0
end_of_record
TN:
SF:src\hooks\useTheme.ts
FN:4,useThemeInit
FN:5,(anonymous_1)
FN:6,(anonymous_2)
FNF:3
FNH:0
FNDA:0,useThemeInit
FNDA:0,(anonymous_1)
FNDA:0,(anonymous_2)
DA:5,0
DA:6,0
DA:7,0
LF:3
LH:0
BRF:0
BRH:0
end_of_record
TN:
SF:src\hooks\useUpload.ts
FN:6,useUpload
FN:9,(anonymous_1)
FN:27,(anonymous_2)
FNF:3
FNH:0
FNDA:0,useUpload
FNDA:0,(anonymous_1)
FNDA:0,(anonymous_2)
DA:7,0
DA:9,0
DA:10,0
DA:11,0
DA:12,0
DA:13,0
DA:14,0
DA:21,0
DA:22,0
DA:23,0
DA:24,0
DA:26,0
DA:27,0
DA:28,0
DA:29,0
DA:30,0
DA:32,0
DA:33,0
DA:38,0
LF:19
LH:0
BRDA:16,0,0,0
BRDA:16,0,1,0
BRDA:21,1,0,0
BRDA:21,1,1,0
BRF:4
BRH:0
end_of_record
TN:
SF:src\hooks\useWebSocket.ts
FN:4,useWebSocket
FN:7,(anonymous_1)
FN:9,(anonymous_2)
FN:17,(anonymous_3)
FN:18,(anonymous_4)
FN:19,(anonymous_5)
FN:25,(anonymous_6)
FN:25,(anonymous_7)
FN:27,(anonymous_8)
FNF:9
FNH:0
FNDA:0,useWebSocket
FNDA:0,(anonymous_1)
FNDA:0,(anonymous_2)
FNDA:0,(anonymous_3)
FNDA:0,(anonymous_4)
FNDA:0,(anonymous_5)
FNDA:0,(anonymous_6)
FNDA:0,(anonymous_7)
FNDA:0,(anonymous_8)
DA:5,0
DA:6,0
DA:7,0
DA:9,0
DA:10,0
DA:14,0
DA:15,0
DA:16,0
DA:17,0
DA:18,0
DA:19,0
DA:20,0
DA:21,0
DA:25,0
DA:27,0
LF:15
LH:0
BRDA:10,0,0,0
BRDA:10,0,1,0
BRDA:14,1,0,0
BRDA:14,1,1,0
BRF:4
BRH:0
end_of_record
TN:
SF:src\hooks\useWorkspaces.ts
FN:4,useWorkspaces
FN:8,useCreateWorkspace
FN:11,(anonymous_2)
FN:12,(anonymous_3)
FNF:4
FNH:0
FNDA:0,useWorkspaces
FNDA:0,useCreateWorkspace
FNDA:0,(anonymous_2)
FNDA:0,(anonymous_3)
DA:5,0
DA:9,0
DA:10,0
DA:11,0
DA:12,0
LF:5
LH:0
BRF:0
BRH:0
end_of_record
TN:
SF:src\lib\cn.ts
FN:4,cn
FNF:1
FNH:1
FNDA:12,cn
DA:5,12
LF:1
LH:1
BRF:0
BRH:0
end_of_record
TN:
SF:src\lib\constants.ts
FNF:0
FNH:0
DA:1,0
DA:4,0
DA:10,0
LF:3
LH:0
BRF:0
BRH:0
end_of_record
TN:
SF:src\lib\formatters.ts
FN:5,formatFileSize
FN:12,formatDate
FN:16,formatDateTime
FN:20,formatRelativeTime
FN:24,getMimeTypeLabel
FNF:5
FNH:0
FNDA:0,formatFileSize
FNDA:0,formatDate
FNDA:0,formatDateTime
FNDA:0,formatRelativeTime
FNDA:0,getMimeTypeLabel
DA:3,0
DA:6,0
DA:7,0
DA:8,0
DA:9,0
DA:13,0
DA:17,0
DA:21,0
DA:25,0
DA:35,0
LF:10
LH:0
BRDA:6,0,0,0
BRDA:6,0,1,0
BRDA:9,1,0,0
BRDA:9,1,1,0
BRDA:35,2,0,0
BRDA:35,2,1,0
BRDA:35,2,2,0
BRF:7
BRH:0
end_of_record
TN:
SF:src\lib\permissions.ts
FN:5,hasPermission
FN:13,cachePermission
FN:17,clearPermissionCache
FNF:3
FNH:0
FNDA:0,hasPermission
FNDA:0,cachePermission
FNDA:0,clearPermissionCache
DA:3,0
DA:6,0
DA:7,0
DA:8,0
DA:9,0
DA:10,0
DA:14,0
DA:18,0
LF:8
LH:0
BRDA:7,0,0,0
BRDA:7,0,1,0
BRDA:8,1,0,0
BRDA:8,1,1,0
BRDA:10,2,0,0
BRDA:10,2,1,0
BRF:6
BRH:0
end_of_record
TN:
SF:src\lib\validators.ts
FNF:0
FNH:0
DA:3,0
DA:8,0
DA:14,0
DA:19,0
DA:23,0
DA:30,0
DA:35,0
LF:7
LH:0
BRF:0
BRH:0
end_of_record
TN:
SF:src\routes\__root.tsx
FN:5,RootLayout
FN:14,(anonymous_1)
FNF:2
FNH:0
FNDA:0,RootLayout
FNDA:0,(anonymous_1)
DA:6,0
DA:7,0
DA:14,0
LF:3
LH:0
BRDA:14,0,0,0
BRDA:14,0,1,0
BRDA:14,1,0,0
BRDA:14,1,1,0
BRDA:14,2,0,0
BRDA:14,2,1,0
BRDA:14,2,2,0
BRF:7
BRH:0
end_of_record
TN:
SF:src\routes\_authenticated.tsx
FN:5,AuthenticatedLayout
FN:14,(anonymous_1)
FN:20,(anonymous_2)
FNF:3
FNH:0
FNDA:0,AuthenticatedLayout
FNDA:0,(anonymous_1)
FNDA:0,(anonymous_2)
DA:6,0
DA:13,0
DA:15,0
DA:16,0
DA:20,0
LF:5
LH:0
BRDA:15,0,0,0
BRDA:15,0,1,0
BRDA:20,1,0,0
BRDA:20,1,1,0
BRDA:20,2,0,0
BRDA:20,2,1,0
BRDA:20,3,0,0
BRDA:20,3,1,0
BRDA:20,3,2,0
BRF:9
BRH:0
end_of_record
TN:
SF:src\routes\forgot-password.tsx
FN:7,ForgotPasswordPage
FN:11,(anonymous_1)
FN:28,(anonymous_2)
FN:38,(anonymous_3)
FNF:4
FNH:0
FNDA:0,ForgotPasswordPage
FNDA:0,(anonymous_1)
FNDA:0,(anonymous_2)
FNDA:0,(anonymous_3)
DA:8,0
DA:9,0
DA:11,0
DA:12,0
DA:13,0
DA:14,0
DA:17,0
DA:28,0
DA:38,0
LF:9
LH:0
BRDA:24,0,0,0
BRDA:24,0,1,0
BRDA:38,1,0,0
BRDA:38,1,1,0
BRDA:38,2,0,0
BRDA:38,2,1,0
BRDA:38,3,0,0
BRDA:38,3,1,0
BRDA:38,3,2,0
BRF:9
BRH:0
end_of_record
TN:
SF:src\routes\login.tsx
FN:9,LoginPage
FN:14,(anonymous_1)
FN:17,(anonymous_2)
FN:39,(anonymous_3)
FN:40,(anonymous_4)
FN:41,(anonymous_5)
FN:49,(anonymous_6)
FNF:7
FNH:0
FNDA:0,LoginPage
FNDA:0,(anonymous_1)
FNDA:0,(anonymous_2)
FNDA:0,(anonymous_3)
FNDA:0,(anonymous_4)
FNDA:0,(anonymous_5)
FNDA:0,(anonymous_6)
DA:10,0
DA:11,0
DA:12,0
DA:13,0
DA:14,0
DA:15,0
DA:17,0
DA:18,0
DA:19,0
DA:20,0
DA:21,0
DA:22,0
DA:23,0
DA:25,0
DA:27,0
DA:31,0
DA:39,0
DA:40,0
DA:41,0
DA:49,0
LF:20
LH:0
BRDA:49,0,0,0
BRDA:49,0,1,0
BRDA:49,1,0,0
BRDA:49,1,1,0
BRDA:49,2,0,0
BRDA:49,2,1,0
BRDA:49,2,2,0
BRF:7
BRH:0
end_of_record
TN:
SF:src\routes\register.tsx
FN:8,RegisterPage
FN:15,(anonymous_1)
FN:36,(anonymous_2)
FN:37,(anonymous_3)
FN:38,(anonymous_4)
FN:39,(anonymous_5)
FN:48,(anonymous_6)
FNF:7
FNH:0
FNDA:0,RegisterPage
FNDA:0,(anonymous_1)
FNDA:0,(anonymous_2)
FNDA:0,(anonymous_3)
FNDA:0,(anonymous_4)
FNDA:0,(anonymous_5)
FNDA:0,(anonymous_6)
DA:9,0
DA:10,0
DA:11,0
DA:12,0
DA:13,0
DA:15,0
DA:16,0
DA:17,0
DA:18,0
DA:19,0
DA:20,0
DA:22,0
DA:24,0
DA:28,0
DA:36,0
DA:37,0
DA:38,0
DA:39,0
DA:48,0
LF:19
LH:0
BRDA:48,0,0,0
BRDA:48,0,1,0
BRDA:48,1,0,0
BRDA:48,1,1,0
BRDA:48,2,0,0
BRDA:48,2,1,0
BRDA:48,2,2,0
BRF:7
BRH:0
end_of_record
TN:
SF:src\routes\shared.$token.tsx
FN:8,SharedViewerPage
FN:22,(anonymous_1)
FN:23,(anonymous_2)
FN:51,(anonymous_3)
FNF:4
FNH:0
FNDA:0,SharedViewerPage
FNDA:0,(anonymous_1)
FNDA:0,(anonymous_2)
FNDA:0,(anonymous_3)
DA:9,0
DA:10,0
DA:11,0
DA:12,0
DA:14,0
DA:15,0
DA:22,0
DA:23,0
DA:29,0
DA:51,0
LF:10
LH:0
BRDA:14,0,0,0
BRDA:14,0,1,0
BRDA:14,1,0,0
BRDA:14,1,1,0
BRDA:51,2,0,0
BRDA:51,2,1,0
BRDA:51,3,0,0
BRDA:51,3,1,0
BRDA:51,4,0,0
BRDA:51,4,1,0
BRDA:51,4,2,0
BRF:11
BRH:0
end_of_record
TN:
SF:src\routes\_authenticated\index.tsx
FN:7,DashboardPage
FN:8,(anonymous_1)
FN:22,(anonymous_2)
FN:38,(anonymous_3)
FNF:4
FNH:0
FNDA:0,DashboardPage
FNDA:0,(anonymous_1)
FNDA:0,(anonymous_2)
FNDA:0,(anonymous_3)
DA:8,0
DA:10,0
DA:23,0
DA:38,0
LF:4
LH:0
BRDA:13,0,0,0
BRDA:13,0,1,0
BRDA:38,1,0,0
BRDA:38,1,1,0
BRDA:38,2,0,0
BRDA:38,2,1,0
BRDA:38,3,0,0
BRDA:38,3,1,0
BRDA:38,3,2,0
BRF:9
BRH:0
end_of_record
TN:
SF:src\routes\_authenticated\notifications.tsx
FN:6,NotificationsPage
FN:15,(anonymous_1)
FNF:2
FNH:0
FNDA:0,NotificationsPage
FNDA:0,(anonymous_1)
DA:7,0
DA:15,0
LF:2
LH:0
BRDA:15,0,0,0
BRDA:15,0,1,0
BRDA:15,1,0,0
BRDA:15,1,1,0
BRDA:15,2,0,0
BRDA:15,2,1,0
BRDA:15,2,2,0
BRF:7
BRH:0
end_of_record
TN:
SF:src\routes\_authenticated\search.tsx
FN:13,SearchPage
FN:25,(anonymous_1)
FN:31,(anonymous_2)
FN:42,(anonymous_3)
FN:68,(anonymous_4)
FN:71,(anonymous_5)
FN:86,(anonymous_6)
FNF:7
FNH:0
FNDA:0,SearchPage
FNDA:0,(anonymous_1)
FNDA:0,(anonymous_2)
FNDA:0,(anonymous_3)
FNDA:0,(anonymous_4)
FNDA:0,(anonymous_5)
FNDA:0,(anonymous_6)
DA:14,0
DA:15,0
DA:17,0
DA:25,0
DA:31,0
DA:43,0
DA:69,0
DA:72,0
DA:86,0
LF:9
LH:0
BRDA:29,0,0,0
BRDA:29,0,1,0
BRDA:34,1,0,0
BRDA:34,1,1,0
BRDA:34,1,2,0
BRDA:34,1,3,0
BRDA:37,2,0,0
BRDA:37,2,1,0
BRDA:37,2,2,0
BRDA:47,3,0,0
BRDA:47,3,1,0
BRDA:49,4,0,0
BRDA:49,4,1,0
BRDA:64,5,0,0
BRDA:64,5,1,0
BRDA:64,5,2,0
BRDA:86,6,0,0
BRDA:86,6,1,0
BRDA:86,7,0,0
BRDA:86,7,1,0
BRDA:86,8,0,0
BRDA:86,8,1,0
BRDA:86,8,2,0
BRF:23
BRH:0
end_of_record
TN:
SF:src\routes\_authenticated\tasks.tsx
FN:6,TasksPage
FN:15,(anonymous_1)
FNF:2
FNH:0
FNDA:0,TasksPage
FNDA:0,(anonymous_1)
DA:7,0
DA:15,0
LF:2
LH:0
BRDA:15,0,0,0
BRDA:15,0,1,0
BRDA:15,1,0,0
BRDA:15,1,1,0
BRDA:15,2,0,0
BRDA:15,2,1,0
BRDA:15,2,2,0
BRF:7
BRH:0
end_of_record
TN:
SF:src\routes\_authenticated\trash.tsx
FN:6,TrashPage
FN:15,(anonymous_1)
FNF:2
FNH:0
FNDA:0,TrashPage
FNDA:0,(anonymous_1)
DA:7,0
DA:15,0
LF:2
LH:0
BRDA:15,0,0,0
BRDA:15,0,1,0
BRDA:15,1,0,0
BRDA:15,1,1,0
BRDA:15,2,0,0
BRDA:15,2,1,0
BRDA:15,2,2,0
BRF:7
BRH:0
end_of_record
TN:
SF:src\routes\_authenticated\admin\api-keys.tsx
FN:5,ApiKeysPage
FN:18,(anonymous_1)
FNF:2
FNH:0
FNDA:0,ApiKeysPage
FNDA:0,(anonymous_1)
DA:6,0
DA:18,0
LF:2
LH:0
BRDA:18,0,0,0
BRDA:18,0,1,0
BRDA:18,1,0,0
BRDA:18,1,1,0
BRDA:18,2,0,0
BRDA:18,2,1,0
BRDA:18,2,2,0
BRF:7
BRH:0
end_of_record
TN:
SF:src\routes\_authenticated\admin\audit-log.tsx
FN:8,AuditLogPage
FN:9,(anonymous_1)
FN:18,(anonymous_2)
FNF:3
FNH:0
FNDA:0,AuditLogPage
FNDA:0,(anonymous_1)
FNDA:0,(anonymous_2)
DA:9,0
DA:10,0
DA:18,0
LF:3
LH:0
BRDA:13,0,0,0
BRDA:13,0,1,0
BRDA:13,1,0,0
BRDA:13,1,1,0
BRDA:18,2,0,0
BRDA:18,2,1,0
BRDA:18,3,0,0
BRDA:18,3,1,0
BRDA:18,4,0,0
BRDA:18,4,1,0
BRDA:18,4,2,0
BRF:11
BRH:0
end_of_record
TN:
SF:src\routes\_authenticated\admin\billing.tsx
FN:5,BillingPage
FN:18,(anonymous_1)
FNF:2
FNH:0
FNDA:0,BillingPage
FNDA:0,(anonymous_1)
DA:6,0
DA:18,0
LF:2
LH:0
BRDA:18,0,0,0
BRDA:18,0,1,0
BRDA:18,1,0,0
BRDA:18,1,1,0
BRDA:18,2,0,0
BRDA:18,2,1,0
BRDA:18,2,2,0
BRF:7
BRH:0
end_of_record
TN:
SF:src\routes\_authenticated\admin\compliance.tsx
FN:5,CompliancePage
FN:23,(anonymous_1)
FNF:2
FNH:0
FNDA:0,CompliancePage
FNDA:0,(anonymous_1)
DA:6,0
DA:23,0
LF:2
LH:0
BRDA:23,0,0,0
BRDA:23,0,1,0
BRDA:23,1,0,0
BRDA:23,1,1,0
BRDA:23,2,0,0
BRDA:23,2,1,0
BRDA:23,2,2,0
BRF:7
BRH:0
end_of_record
TN:
SF:src\routes\_authenticated\admin\connectors.tsx
FN:5,ConnectorsPage
FN:18,(anonymous_1)
FNF:2
FNH:0
FNDA:0,ConnectorsPage
FNDA:0,(anonymous_1)
DA:6,0
DA:18,0
LF:2
LH:0
BRDA:18,0,0,0
BRDA:18,0,1,0
BRDA:18,1,0,0
BRDA:18,1,1,0
BRDA:18,2,0,0
BRDA:18,2,1,0
BRDA:18,2,2,0
BRF:7
BRH:0
end_of_record
TN:
SF:src\routes\_authenticated\admin\groups.tsx
FN:5,GroupsPage
FN:18,(anonymous_1)
FNF:2
FNH:0
FNDA:0,GroupsPage
FNDA:0,(anonymous_1)
DA:6,0
DA:18,0
LF:2
LH:0
BRDA:18,0,0,0
BRDA:18,0,1,0
BRDA:18,1,0,0
BRDA:18,1,1,0
BRDA:18,2,0,0
BRDA:18,2,1,0
BRDA:18,2,2,0
BRF:7
BRH:0
end_of_record
TN:
SF:src\routes\_authenticated\admin\index.tsx
FN:17,AdminPage
FN:22,(anonymous_1)
FN:36,(anonymous_2)
FNF:3
FNH:0
FNDA:0,AdminPage
FNDA:0,(anonymous_1)
FNDA:0,(anonymous_2)
DA:5,0
DA:18,0
DA:23,0
DA:36,0
LF:4
LH:0
BRDA:36,0,0,0
BRDA:36,0,1,0
BRDA:36,1,0,0
BRDA:36,1,1,0
BRDA:36,2,0,0
BRDA:36,2,1,0
BRDA:36,2,2,0
BRF:7
BRH:0
end_of_record
TN:
SF:src\routes\_authenticated\admin\legal-holds.tsx
FN:5,LegalHoldsPage
FN:18,(anonymous_1)
FNF:2
FNH:0
FNDA:0,LegalHoldsPage
FNDA:0,(anonymous_1)
DA:6,0
DA:18,0
LF:2
LH:0
BRDA:18,0,0,0
BRDA:18,0,1,0
BRDA:18,1,0,0
BRDA:18,1,1,0
BRDA:18,2,0,0
BRDA:18,2,1,0
BRDA:18,2,2,0
BRF:7
BRH:0
end_of_record
TN:
SF:src\routes\_authenticated\admin\retention.tsx
FN:5,RetentionPage
FN:18,(anonymous_1)
FNF:2
FNH:0
FNDA:0,RetentionPage
FNDA:0,(anonymous_1)
DA:6,0
DA:18,0
LF:2
LH:0
BRDA:18,0,0,0
BRDA:18,0,1,0
BRDA:18,1,0,0
BRDA:18,1,1,0
BRDA:18,2,0,0
BRDA:18,2,1,0
BRDA:18,2,2,0
BRF:7
BRH:0
end_of_record
TN:
SF:src\routes\_authenticated\admin\settings.tsx
FN:5,SettingsPage
FN:18,(anonymous_1)
FNF:2
FNH:0
FNDA:0,SettingsPage
FNDA:0,(anonymous_1)
DA:6,0
DA:18,0
LF:2
LH:0
BRDA:18,0,0,0
BRDA:18,0,1,0
BRDA:18,1,0,0
BRDA:18,1,1,0
BRDA:18,2,0,0
BRDA:18,2,1,0
BRDA:18,2,2,0
BRF:7
BRH:0
end_of_record
TN:
SF:src\routes\_authenticated\admin\sso.tsx
FN:5,SsoPage
FN:18,(anonymous_1)
FNF:2
FNH:0
FNDA:0,SsoPage
FNDA:0,(anonymous_1)
DA:6,0
DA:18,0
LF:2
LH:0
BRDA:18,0,0,0
BRDA:18,0,1,0
BRDA:18,1,0,0
BRDA:18,1,1,0
BRDA:18,2,0,0
BRDA:18,2,1,0
BRDA:18,2,2,0
BRF:7
BRH:0
end_of_record
TN:
SF:src\routes\_authenticated\admin\users.tsx
FN:10,UsersPage
FN:11,(anonymous_1)
FN:20,(anonymous_2)
FNF:3
FNH:0
FNDA:0,UsersPage
FNDA:0,(anonymous_1)
FNDA:0,(anonymous_2)
DA:11,0
DA:12,0
DA:20,0
LF:3
LH:0
BRDA:15,0,0,0
BRDA:15,0,1,0
BRDA:15,1,0,0
BRDA:15,1,1,0
BRDA:20,2,0,0
BRDA:20,2,1,0
BRDA:20,3,0,0
BRDA:20,3,1,0
BRDA:20,4,0,0
BRDA:20,4,1,0
BRDA:20,4,2,0
BRF:11
BRH:0
end_of_record
TN:
SF:src\routes\_authenticated\admin\webhooks.tsx
FN:5,WebhooksPage
FN:18,(anonymous_1)
FNF:2
FNH:0
FNDA:0,WebhooksPage
FNDA:0,(anonymous_1)
DA:6,0
DA:18,0
LF:2
LH:0
BRDA:18,0,0,0
BRDA:18,0,1,0
BRDA:18,1,0,0
BRDA:18,1,1,0
BRDA:18,2,0,0
BRDA:18,2,1,0
BRDA:18,2,2,0
BRF:7
BRH:0
end_of_record
TN:
SF:src\routes\_authenticated\admin\workflows.tsx
FN:5,WorkflowsPage
FN:18,(anonymous_1)
FNF:2
FNH:0
FNDA:0,WorkflowsPage
FNDA:0,(anonymous_1)
DA:6,0
DA:18,0
LF:2
LH:0
BRDA:18,0,0,0
BRDA:18,0,1,0
BRDA:18,1,0,0
BRDA:18,1,1,0
BRDA:18,2,0,0
BRDA:18,2,1,0
BRDA:18,2,2,0
BRF:7
BRH:0
end_of_record
TN:
SF:src\routes\_authenticated\workspaces\index.tsx
FN:10,WorkspacesPage
FN:22,(anonymous_1)
FN:26,(anonymous_2)
FN:52,(anonymous_3)
FNF:4
FNH:0
FNDA:0,WorkspacesPage
FNDA:0,(anonymous_1)
FNDA:0,(anonymous_2)
FNDA:0,(anonymous_3)
DA:11,0
DA:13,0
DA:22,0
DA:27,0
DA:52,0
LF:5
LH:0
BRDA:20,0,0,0
BRDA:20,0,1,0
BRDA:39,1,0,0
BRDA:39,1,1,0
BRDA:52,2,0,0
BRDA:52,2,1,0
BRDA:52,3,0,0
BRDA:52,3,1,0
BRDA:52,4,0,0
BRDA:52,4,1,0
BRDA:52,4,2,0
BRF:11
BRH:0
end_of_record
TN:
SF:src\routes\_authenticated\workspaces\$workspaceId\index.tsx
FN:8,WorkspacePage
FN:23,(anonymous_1)
FNF:2
FNH:0
FNDA:0,WorkspacePage
FNDA:0,(anonymous_1)
DA:9,0
DA:10,0
DA:12,0
DA:23,0
LF:4
LH:0
BRDA:23,0,0,0
BRDA:23,0,1,0
BRDA:23,1,0,0
BRDA:23,1,1,0
BRDA:23,2,0,0
BRDA:23,2,1,0
BRDA:23,2,2,0
BRF:7
BRH:0
end_of_record
TN:
SF:src\routes\_authenticated\workspaces\$workspaceId\documents\$documentId.tsx
FN:10,DocumentDetailPage
FN:49,(anonymous_1)
FN:63,Row
FN:72,(anonymous_3)
FNF:4
FNH:0
FNDA:0,DocumentDetailPage
FNDA:0,(anonymous_1)
FNDA:0,Row
FNDA:0,(anonymous_3)
DA:11,0
DA:12,0
DA:14,0
DA:15,0
DA:17,0
DA:49,0
DA:64,0
DA:72,0
LF:8
LH:0
BRDA:14,0,0,0
BRDA:14,0,1,0
BRDA:15,1,0,0
BRDA:15,1,1,0
BRDA:40,2,0,0
BRDA:40,2,1,0
BRDA:45,3,0,0
BRDA:45,3,1,0
BRDA:72,4,0,0
BRDA:72,4,1,0
BRDA:72,5,0,0
BRDA:72,5,1,0
BRDA:72,6,0,0
BRDA:72,6,1,0
BRDA:72,6,2,0
BRF:15
BRH:0
end_of_record
TN:
SF:src\store\authStore.ts
FN:18,(anonymous_0)
FN:22,(anonymous_1)
FN:24,(anonymous_2)
FN:26,(anonymous_3)
FN:27,(anonymous_4)
FNF:5
FNH:5
FNDA:4,(anonymous_0)
FNDA:3,(anonymous_1)
FNDA:7,(anonymous_2)
FNDA:2,(anonymous_3)
FNDA:2,(anonymous_4)
DA:18,4
DA:23,3
DA:25,7
DA:27,2
LF:4
LH:4
BRDA:27,0,0,1
BRDA:27,0,1,1
BRF:2
BRH:2
end_of_record
TN:
SF:src\store\uiStore.ts
FN:18,(anonymous_0)
FN:25,(anonymous_1)
FN:25,(anonymous_2)
FN:26,(anonymous_3)
FN:27,(anonymous_4)
FN:28,(anonymous_5)
FN:33,(anonymous_6)
FN:34,(anonymous_7)
FNF:8
FNH:0
FNDA:0,(anonymous_0)
FNDA:0,(anonymous_1)
FNDA:0,(anonymous_2)
FNDA:0,(anonymous_3)
FNDA:0,(anonymous_4)
FNDA:0,(anonymous_5)
FNDA:0,(anonymous_6)
FNDA:0,(anonymous_7)
DA:17,0
DA:19,0
DA:25,0
DA:26,0
DA:28,0
DA:29,0
DA:30,0
DA:31,0
DA:33,0
DA:34,0
LF:10
LH:0
BRDA:29,0,0,0
BRDA:29,0,1,0
BRF:2
BRH:0
end_of_record
TN:
SF:src\store\uploadStore.ts
FN:20,(anonymous_0)
FN:22,(anonymous_1)
FN:23,(anonymous_2)
FN:24,(anonymous_3)
FN:25,(anonymous_4)
FN:31,(anonymous_5)
FN:32,(anonymous_6)
FN:38,(anonymous_7)
FN:39,(anonymous_8)
FN:40,(anonymous_9)
FN:41,(anonymous_10)
FNF:11
FNH:0
FNDA:0,(anonymous_0)
FNDA:0,(anonymous_1)
FNDA:0,(anonymous_2)
FNDA:0,(anonymous_3)
FNDA:0,(anonymous_4)
FNDA:0,(anonymous_5)
FNDA:0,(anonymous_6)
FNDA:0,(anonymous_7)
FNDA:0,(anonymous_8)
FNDA:0,(anonymous_9)
FNDA:0,(anonymous_10)
DA:20,0
DA:23,0
DA:25,0
DA:26,0
DA:27,0
DA:28,0
DA:29,0
DA:32,0
DA:33,0
DA:34,0
DA:35,0
DA:36,0
DA:39,0
DA:41,0
DA:42,0
DA:43,0
DA:44,0
LF:17
LH:0
BRDA:28,0,0,0
BRDA:28,0,1,0
BRDA:35,1,0,0
BRDA:35,1,1,0
BRDA:43,2,0,0
BRDA:43,2,1,0
BRF:6
BRH:0
end_of_record
TN:
SF:src\types\api.ts
FNF:0
FNH:0
LF:0
LH:0
BRF:0
BRH:0
end_of_record
